<?xml version="1.0" encoding="UTF-8"?>
<!-- Generated by org.testng.reporters.JUnitXMLReporter -->
<testsuite hostname="suraj" name="Default test" tests="8" failures="0" timestamp="25 Sep 2020 18:54:13 GMT" time="307.449" errors="0">
  <testcase name="AutomationPractice" time="16.605" classname="scripts.TestScripts"/>
  <testcase name="BlouseShopping" time="22.214" classname="scripts.TestScripts"/>
  <testcase name="DressShopping" time="23.648" classname="scripts.TestScripts"/>
  <testcase name="EveningDresses" time="26.607" classname="scripts.TestScripts"/>
  <testcase name="MouseHover" time="26.462" classname="scripts.TestScripts"/>
  <testcase name="MouseHoverFour" time="29.516" classname="scripts.TestScripts"/>
  <testcase name="MouseHoverThree" time="28.68" classname="scripts.TestScripts"/>
  <testcase name="MouseHoverTwo" time="24.089" classname="scripts.TestScripts"/>
</testsuite> <!-- Default test -->
