<?xml version="1.0" encoding="UTF-8"?>
<!-- Generated by org.testng.reporters.JUnitXMLReporter -->
<testsuite hostname="suraj" name="Test" tests="8" failures="0" timestamp="25 Sep 2020 19:14:15 GMT" time="285.722" errors="0">
  <testcase name="AutomationPractice" time="16.362" classname="scripts.TestScripts"/>
  <testcase name="BlouseShopping" time="18.627" classname="scripts.TestScripts"/>
  <testcase name="DressShopping" time="20.476" classname="scripts.TestScripts"/>
  <testcase name="EveningDresses" time="25.487" classname="scripts.TestScripts"/>
  <testcase name="MouseHover" time="22.43" classname="scripts.TestScripts"/>
  <testcase name="MouseHoverFour" time="30.198" classname="scripts.TestScripts"/>
  <testcase name="MouseHoverThree" time="24.097" classname="scripts.TestScripts"/>
  <testcase name="MouseHoverTwo" time="22.234" classname="scripts.TestScripts"/>
</testsuite> <!-- Test -->
